<?xml version="1.0" encoding="UTF-8"?>
<!-- Generated by org.testng.reporters.JUnitXMLReporter -->
<testsuite ignored="2" hostname="LAPTOP-RKC38D4R" failures="1" tests="1" name="Test(failed)" time="0.089" errors="0" timestamp="2023-05-23T17:11:09 IST">
  <testcase classname="testNG.DemoTest2" name="f" time="0.013">
    <failure type="java.lang.ArithmeticException" message="/ by zero">
      <![CDATA[java.lang.ArithmeticException: / by zero
at testNG.DemoTest2.f(DemoTest2.java:24)
at java.base/java.util.ArrayList.forEach(ArrayList.java:1511)
... Removed 27 stack frames]]>
    </failure>
  </testcase> <!-- f -->
  <testcase classname="testNG.DemoTest2" name="e" time="0.0">
    <ignored/>
  </testcase> <!-- e -->
  <testcase classname="testNG.DemoTest2" name="d" time="0.0">
    <ignored/>
  </testcase> <!-- d -->
</testsuite> <!-- Test(failed) -->
