<?xml version="1.0" encoding="UTF-8"?>
<!-- Generated by org.testng.reporters.JUnitXMLReporter -->
<testsuite ignored="12" hostname="LAPTOP-RKC38D4R" failures="0" tests="6" name="Test" time="0.115" errors="0" timestamp="2023-06-04T11:44:11 IST">
  <testcase classname="testNGFlags.Flag7" name="it1" time="0.01"/>
  <testcase classname="testNGFlags.Flag7" name="it2" time="0.009"/>
  <testcase classname="testNGFlags.Flag7" name="it3" time="0.003"/>
  <testcase classname="testNGFlags.Flag7" name="it4" time="0.003"/>
  <testcase classname="testNGFlags.Flag7" name="it5" time="0.004"/>
  <testcase classname="testNGFlags.Flag7" name="it6" time="0.004"/>
  <testcase classname="testNGFlags.Flag7" name="ft3" time="0.0">
    <ignored/>
  </testcase> <!-- ft3 -->
  <testcase classname="testNGFlags.Flag7" name="st6" time="0.0">
    <ignored/>
  </testcase> <!-- st6 -->
  <testcase classname="testNGFlags.Flag7" name="st3" time="0.0">
    <ignored/>
  </testcase> <!-- st3 -->
  <testcase classname="testNGFlags.Flag7" name="ft1" time="0.0">
    <ignored/>
  </testcase> <!-- ft1 -->
  <testcase classname="testNGFlags.Flag7" name="st4" time="0.0">
    <ignored/>
  </testcase> <!-- st4 -->
  <testcase classname="testNGFlags.Flag7" name="st1" time="0.0">
    <ignored/>
  </testcase> <!-- st1 -->
  <testcase classname="testNGFlags.Flag7" name="ft4" time="0.0">
    <ignored/>
  </testcase> <!-- ft4 -->
  <testcase classname="testNGFlags.Flag7" name="ft5" time="0.0">
    <ignored/>
  </testcase> <!-- ft5 -->
  <testcase classname="testNGFlags.Flag7" name="ft2" time="0.0">
    <ignored/>
  </testcase> <!-- ft2 -->
  <testcase classname="testNGFlags.Flag7" name="st5" time="0.0">
    <ignored/>
  </testcase> <!-- st5 -->
  <testcase classname="testNGFlags.Flag7" name="ft6" time="0.0">
    <ignored/>
  </testcase> <!-- ft6 -->
  <testcase classname="testNGFlags.Flag7" name="st2" time="0.0">
    <ignored/>
  </testcase> <!-- st2 -->
</testsuite> <!-- Test -->
