<?xml version="1.0" encoding="UTF-8"?>
<testng-results ignored="12" total="18" passed="6" failed="0" skipped="0">
  <reporter-output>
    <line>
      <![CDATA[ITC1]]>
    </line>
    <line>
      <![CDATA[ITC2]]>
    </line>
    <line>
      <![CDATA[ITC3]]>
    </line>
    <line>
      <![CDATA[ITC4]]>
    </line>
    <line>
      <![CDATA[ITC5]]>
    </line>
    <line>
      <![CDATA[ITC6]]>
    </line>
  </reporter-output>
  <suite started-at="2023-06-04T11:44:11 IST" name="Suite" finished-at="2023-06-04T11:44:11 IST" duration-ms="115">
    <groups>
      <group name="Integration Testing">
        <method signature="Flag7.it1()[pri:0, instance:testNGFlags.Flag7@2f8dad04]" name="it1" class="testNGFlags.Flag7"/>
        <method signature="Flag7.it2()[pri:0, instance:testNGFlags.Flag7@2f8dad04]" name="it2" class="testNGFlags.Flag7"/>
        <method signature="Flag7.it3()[pri:0, instance:testNGFlags.Flag7@2f8dad04]" name="it3" class="testNGFlags.Flag7"/>
        <method signature="Flag7.it4()[pri:0, instance:testNGFlags.Flag7@2f8dad04]" name="it4" class="testNGFlags.Flag7"/>
        <method signature="Flag7.it5()[pri:0, instance:testNGFlags.Flag7@2f8dad04]" name="it5" class="testNGFlags.Flag7"/>
        <method signature="Flag7.it6()[pri:0, instance:testNGFlags.Flag7@2f8dad04]" name="it6" class="testNGFlags.Flag7"/>
      </group> <!-- Integration Testing -->
    </groups>
    <test started-at="2023-06-04T11:44:11 IST" name="Test" finished-at="2023-06-04T11:44:11 IST" duration-ms="115">
      <class name="testNGFlags.Flag7">
        <test-method signature="it1()[pri:0, instance:testNGFlags.Flag7@2f8dad04]" started-at="2023-06-04T11:44:11 IST" name="it1" finished-at="2023-06-04T11:44:11 IST" duration-ms="10" status="PASS">
          <reporter-output>
            <line>
              <![CDATA[ITC1]]>
            </line>
          </reporter-output>
        </test-method> <!-- it1 -->
        <test-method signature="it2()[pri:0, instance:testNGFlags.Flag7@2f8dad04]" started-at="2023-06-04T11:44:11 IST" name="it2" finished-at="2023-06-04T11:44:11 IST" duration-ms="9" status="PASS">
          <reporter-output>
            <line>
              <![CDATA[ITC2]]>
            </line>
          </reporter-output>
        </test-method> <!-- it2 -->
        <test-method signature="it3()[pri:0, instance:testNGFlags.Flag7@2f8dad04]" started-at="2023-06-04T11:44:11 IST" name="it3" finished-at="2023-06-04T11:44:11 IST" duration-ms="3" status="PASS">
          <reporter-output>
            <line>
              <![CDATA[ITC3]]>
            </line>
          </reporter-output>
        </test-method> <!-- it3 -->
        <test-method signature="it4()[pri:0, instance:testNGFlags.Flag7@2f8dad04]" started-at="2023-06-04T11:44:11 IST" name="it4" finished-at="2023-06-04T11:44:11 IST" duration-ms="3" status="PASS">
          <reporter-output>
            <line>
              <![CDATA[ITC4]]>
            </line>
          </reporter-output>
        </test-method> <!-- it4 -->
        <test-method signature="it5()[pri:0, instance:testNGFlags.Flag7@2f8dad04]" started-at="2023-06-04T11:44:11 IST" name="it5" finished-at="2023-06-04T11:44:11 IST" duration-ms="4" status="PASS">
          <reporter-output>
            <line>
              <![CDATA[ITC5]]>
            </line>
          </reporter-output>
        </test-method> <!-- it5 -->
        <test-method signature="it6()[pri:0, instance:testNGFlags.Flag7@2f8dad04]" started-at="2023-06-04T11:44:11 IST" name="it6" finished-at="2023-06-04T11:44:11 IST" duration-ms="4" status="PASS">
          <reporter-output>
            <line>
              <![CDATA[ITC6]]>
            </line>
          </reporter-output>
        </test-method> <!-- it6 -->
      </class> <!-- testNGFlags.Flag7 -->
    </test> <!-- Test -->
  </suite> <!-- Suite -->
</testng-results>
